2018-09-04 17:16:07.9049 [DEBUG] Validating model...
2018-09-04 17:16:08.0910 [DEBUG] Model updated
2018-09-04 17:16:08.0910 [DEBUG] Authenticating with server...
2018-09-04 17:16:08.3090 [DEBUG] Connected to room. (81223:SceneFusion:SceneFusion)
2018-09-04 17:16:08.3130 [INFO] Connected to server.
2018-09-04 17:16:08.3140 [DEBUG] OS : Microsoft Windows NT 10.0.17134.0
2018-09-04 17:16:08.3140 [DEBUG] Unity Version : 2018.2.6f1
2018-09-04 17:16:08.3140 [DEBUG] Pro License : False
2018-09-04 17:16:08.3140 [DEBUG] Platform : WindowsEditor
2018-09-04 17:16:08.3140 [DEBUG] Build Target : StandaloneWindows64
2018-09-04 17:16:08.3140 [DEBUG] Scene Fusion version : 1.8.1
2018-09-04 17:16:08.3140 [DEBUG] Scene Fusion client build : 0
2018-09-04 17:16:08.3140 [DEBUG] User : sandell327@gmail.com
2018-09-04 17:16:08.3140 [DEBUG] Waiting for server response
2018-09-04 17:16:08.4030 [DEBUG] Tier: Scene Fusion Free, Permissions: 00001400
2018-09-04 17:16:08.4030 [DEBUG] User Permissions: FFFFFFFF
2018-09-04 17:16:08.5591 [DEBUG] No stand-in for UnityEngine.ProceduralMaterial
2018-09-04 17:16:08.5591 [DEBUG] No stand-in for UnityEngine.ProceduralTexture
2018-09-04 17:16:09.3046 [DEBUG] Loading complete
2018-09-04 17:17:28.4613 [DEBUG] Disconnecting from room (81223:SceneFusion:SceneFusion)
2018-09-04 17:17:31.9630 [INFO] Disconnected from server.
2018-09-04 17:17:31.9630 [DEBUG] Disconnect. (Duration: 79)
