2018-09-04 17:06:07.1654 [DEBUG] Validating model...
2018-09-04 17:06:07.3634 [DEBUG] Model updated
2018-09-04 17:06:07.3644 [DEBUG] Authenticating with server...
2018-09-04 17:06:07.6682 [DEBUG] Connected to room. (81223:SceneFusion:SceneFusion)
2018-09-04 17:06:07.6932 [INFO] Connected to server.
2018-09-04 17:06:07.6932 [DEBUG] OS : Microsoft Windows NT 10.0.17134.0
2018-09-04 17:06:07.6932 [DEBUG] Unity Version : 2018.2.6f1
2018-09-04 17:06:07.6932 [DEBUG] Pro License : False
2018-09-04 17:06:07.6942 [DEBUG] Platform : WindowsEditor
2018-09-04 17:06:07.6942 [DEBUG] Build Target : StandaloneWindows64
2018-09-04 17:06:07.6942 [DEBUG] Scene Fusion version : 1.8.1
2018-09-04 17:06:07.6942 [DEBUG] Scene Fusion client build : 0
2018-09-04 17:06:07.6942 [DEBUG] User : sandell327@gmail.com
2018-09-04 17:06:07.6942 [DEBUG] Waiting for server response
2018-09-04 17:06:07.8032 [DEBUG] Tier: Scene Fusion Free, Permissions: 00001400
2018-09-04 17:06:07.8042 [DEBUG] User Permissions: FFFFFFFF
2018-09-04 17:06:08.2063 [DEBUG] No stand-in for UnityEngine.ProceduralMaterial
2018-09-04 17:06:08.2063 [DEBUG] No stand-in for UnityEngine.ProceduralTexture
2018-09-04 17:06:09.2266 [DEBUG] Loading complete
2018-09-04 17:06:14.8681 [DEBUG] Spawn request. (Objects: 1)
2018-09-04 17:08:56.1185 [DEBUG] Disconnecting temporarily to recompile.
2018-09-04 17:08:56.1195 [DEBUG] Disconnecting from room (81223:SceneFusion:SceneFusion)
2018-09-04 17:08:56.1305 [INFO] Disconnected from server.
2018-09-04 17:08:56.1305 [DEBUG] Disconnect. (Duration: 167)
2018-09-04 17:09:01.0533 [DEBUG] Scene Fusion version 1.8.1-0
2018-09-04 17:09:01.3885 [DEBUG] Property changes detected after recompile. Will not reconnect.
2018-09-04 17:09:31.3827 [DEBUG] Connecting
2018-09-04 17:09:31.4067 [DEBUG] Connecting to room (81223:SceneFusion:SceneFusion) via TCP at ec2-52-43-42-38.us-west-2.compute.amazonaws.com:1027
2018-09-04 17:09:31.4157 [DEBUG] Guest connection. (Session: 81223)
2018-09-04 17:09:31.7890 [DEBUG] Validating model...
2018-09-04 17:09:31.9801 [DEBUG] Model updated
2018-09-04 17:09:31.9801 [DEBUG] Authenticating with server...
2018-09-04 17:09:32.2831 [DEBUG] Connected to room. (81223:SceneFusion:SceneFusion)
2018-09-04 17:09:32.2881 [INFO] Connected to server.
2018-09-04 17:09:32.2881 [DEBUG] OS : Microsoft Windows NT 10.0.17134.0
2018-09-04 17:09:32.2881 [DEBUG] Unity Version : 2018.2.6f1
2018-09-04 17:09:32.2881 [DEBUG] Pro License : False
2018-09-04 17:09:32.2891 [DEBUG] Platform : WindowsEditor
2018-09-04 17:09:32.2891 [DEBUG] Build Target : StandaloneWindows64
2018-09-04 17:09:32.2891 [DEBUG] Scene Fusion version : 1.8.1
2018-09-04 17:09:32.2891 [DEBUG] Scene Fusion client build : 0
2018-09-04 17:09:32.2891 [DEBUG] User : sandell327@gmail.com
2018-09-04 17:09:32.2891 [DEBUG] Waiting for server response
2018-09-04 17:09:32.3691 [DEBUG] Tier: Scene Fusion Free, Permissions: 00001400
2018-09-04 17:09:32.3701 [DEBUG] User Permissions: FFFFFFFF
2018-09-04 17:09:32.4392 [DEBUG] No stand-in for UnityEngine.ProceduralMaterial
2018-09-04 17:09:32.4392 [DEBUG] No stand-in for UnityEngine.ProceduralTexture
2018-09-04 17:09:33.3331 [DEBUG] Loading complete
2018-09-04 17:15:27.5983 [ERROR] ArgumentException: Field m_Dragging defined on type UnityEditor.IMGUI.Controls.TreeView is not a field on the target object which is of type UnityEditor.IMGUI.Controls.TreeViewController.
Parameter name: obj
System.Reflection.MonoField.GetValue (System.Object obj) (at /Users/builduser/buildslave/mono/build/mcs/class/corlib/System.Reflection/MonoField.cs:110)
KS.Unity.Editor.ReflectionObject.GetValue (System.Object instance)
UnityEngine.Debug:LogException(Exception)
KS.Reactor.ksLog:LogToUnity(Level, String, String, Exception, Object)
KS.Reactor.ksLog:HandleLog(String, String, String, Exception, Level, Object)
KS.Reactor.ksLog:Log(ReflectionObject, String, Exception, Level, Object)
KS.Reactor.ksLog:Error(ReflectionObject, String, Exception)
KS.Unity.Editor.ReflectionObject:GetValue(Object)
KS.SceneFusion.Client.Editor.ProjectBrowserUtils:GetTreeViewDropTargetControlId()
KS.SceneFusion.Client.Editor.ProjectBrowserUtils:GetDropTargetInstanceId()
KS.SceneFusion.Client.Editor.ObjectManager:PrefabInstanceUpdated(GameObject)
UnityEditor.PrefabUtility:Internal_CallPrefabInstanceUpdated(GameObject)
UnityEditorInternal.InternalEditorUtility:ProjectWindowDrag(HierarchyProperty, Boolean)
UnityEngine.GUIUtility:ProcessEvent(Int32, IntPtr)

2018-09-04 17:15:27.5983 [ERROR] Error getting value: Field m_Dragging defined on type UnityEditor.IMGUI.Controls.TreeView is not a field on the target object which is of type UnityEditor.IMGUI.Controls.TreeViewController.
Parameter name: obj
  at System.Reflection.MonoField.GetValue (System.Object obj) [0x00032] in /Users/builduser/buildslave/mono/build/mcs/class/corlib/System.Reflection/MonoField.cs:110 
  at KS.Unity.Editor.ReflectionObject.GetValue (System.Object instance) [0x00000] in <filename unknown>:0 
2018-09-04 17:15:52.5537 [DEBUG] Disconnecting from room (81223:SceneFusion:SceneFusion)
2018-09-04 17:15:52.5557 [INFO] Disconnected from server.
2018-09-04 17:15:52.5557 [DEBUG] Disconnect. (Duration: 0)
